{"E:\\CODING\\belajar_nodeJs\\belajar-nodejs-unit-test\\src\\async.js": {"path":"E:\\CODING\\belajar_nodeJs\\belajar-nodejs-unit-test\\src\\async.js","statementMap":{"0":{"start":{"line":1,"column":29},"end":{"line":11,"column":1}},"1":{"start":{"line":2,"column":2},"end":{"line":10,"column":5}},"2":{"start":{"line":3,"column":4},"end":{"line":9,"column":13}},"3":{"start":{"line":4,"column":6},"end":{"line":8,"column":7}},"4":{"start":{"line":5,"column":8},"end":{"line":5,"column":34}},"5":{"start":{"line":7,"column":8},"end":{"line":7,"column":33}}},"fnMap":{"0":{"name":"(anonymous_0)","decl":{"start":{"line":1,"column":29},"end":{"line":1,"column":30}},"loc":{"start":{"line":1,"column":39},"end":{"line":11,"column":1}},"line":1},"1":{"name":"(anonymous_1)","decl":{"start":{"line":2,"column":21},"end":{"line":2,"column":22}},"loc":{"start":{"line":2,"column":44},"end":{"line":10,"column":3}},"line":2},"2":{"name":"(anonymous_2)","decl":{"start":{"line":3,"column":15},"end":{"line":3,"column":16}},"loc":{"start":{"line":3,"column":21},"end":{"line":9,"column":5}},"line":3}},"branchMap":{"0":{"loc":{"start":{"line":4,"column":6},"end":{"line":8,"column":7}},"type":"if","locations":[{"start":{"line":4,"column":6},"end":{"line":8,"column":7}},{"start":{"line":6,"column":13},"end":{"line":8,"column":7}}],"line":4}},"s":{"0":0,"1":0,"2":0,"3":0,"4":0,"5":0},"f":{"0":0,"1":0,"2":0},"b":{"0":[0,0]}}
,"E:\\CODING\\belajar_nodeJs\\belajar-nodejs-unit-test\\src\\exception.js": {"path":"E:\\CODING\\belajar_nodeJs\\belajar-nodejs-unit-test\\src\\exception.js","statementMap":{"0":{"start":{"line":3,"column":22},"end":{"line":9,"column":1}},"1":{"start":{"line":4,"column":2},"end":{"line":8,"column":3}},"2":{"start":{"line":5,"column":4},"end":{"line":5,"column":46}},"3":{"start":{"line":7,"column":4},"end":{"line":7,"column":16}}},"fnMap":{"0":{"name":"(anonymous_0)","decl":{"start":{"line":3,"column":22},"end":{"line":3,"column":23}},"loc":{"start":{"line":3,"column":32},"end":{"line":9,"column":1}},"line":3}},"branchMap":{"0":{"loc":{"start":{"line":4,"column":2},"end":{"line":8,"column":3}},"type":"if","locations":[{"start":{"line":4,"column":2},"end":{"line":8,"column":3}},{"start":{"line":6,"column":9},"end":{"line":8,"column":3}}],"line":4}},"s":{"0":0,"1":0,"2":0,"3":0},"f":{"0":0},"b":{"0":[0,0]}}
,"E:\\CODING\\belajar_nodeJs\\belajar-nodejs-unit-test\\src\\sayHello.js": {"path":"E:\\CODING\\belajar_nodeJs\\belajar-nodejs-unit-test\\src\\sayHello.js","statementMap":{"0":{"start":{"line":1,"column":24},"end":{"line":7,"column":1}},"1":{"start":{"line":2,"column":2},"end":{"line":6,"column":3}},"2":{"start":{"line":3,"column":4},"end":{"line":3,"column":28}},"3":{"start":{"line":5,"column":4},"end":{"line":5,"column":40}}},"fnMap":{"0":{"name":"(anonymous_0)","decl":{"start":{"line":1,"column":24},"end":{"line":1,"column":25}},"loc":{"start":{"line":1,"column":34},"end":{"line":7,"column":1}},"line":1}},"branchMap":{"0":{"loc":{"start":{"line":2,"column":2},"end":{"line":6,"column":3}},"type":"if","locations":[{"start":{"line":2,"column":2},"end":{"line":6,"column":3}},{"start":{"line":4,"column":9},"end":{"line":6,"column":3}}],"line":2}},"s":{"0":0,"1":0,"2":0,"3":0},"f":{"0":0},"b":{"0":[0,0]}}
,"E:\\CODING\\belajar_nodeJs\\belajar-nodejs-unit-test\\src\\sum.js": {"path":"E:\\CODING\\belajar_nodeJs\\belajar-nodejs-unit-test\\src\\sum.js","statementMap":{"0":{"start":{"line":1,"column":19},"end":{"line":3,"column":1}},"1":{"start":{"line":2,"column":2},"end":{"line":2,"column":36}},"2":{"start":{"line":5,"column":22},"end":{"line":12,"column":1}},"3":{"start":{"line":6,"column":14},"end":{"line":6,"column":15}},"4":{"start":{"line":7,"column":2},"end":{"line":9,"column":3}},"5":{"start":{"line":8,"column":4},"end":{"line":8,"column":20}},"6":{"start":{"line":11,"column":2},"end":{"line":11,"column":15}},"7":{"start":{"line":14,"column":25},"end":{"line":21,"column":1}},"8":{"start":{"line":15,"column":14},"end":{"line":15,"column":15}},"9":{"start":{"line":16,"column":2},"end":{"line":18,"column":3}},"10":{"start":{"line":17,"column":4},"end":{"line":17,"column":20}},"11":{"start":{"line":20,"column":2},"end":{"line":20,"column":18}},"12":{"start":{"line":23,"column":34},"end":{"line":30,"column":1}},"13":{"start":{"line":24,"column":14},"end":{"line":24,"column":15}},"14":{"start":{"line":25,"column":2},"end":{"line":27,"column":3}},"15":{"start":{"line":26,"column":4},"end":{"line":26,"column":20}},"16":{"start":{"line":29,"column":2},"end":{"line":29,"column":25}}},"fnMap":{"0":{"name":"(anonymous_0)","decl":{"start":{"line":1,"column":19},"end":{"line":1,"column":20}},"loc":{"start":{"line":1,"column":50},"end":{"line":3,"column":1}},"line":1},"1":{"name":"(anonymous_1)","decl":{"start":{"line":5,"column":22},"end":{"line":5,"column":23}},"loc":{"start":{"line":5,"column":35},"end":{"line":12,"column":1}},"line":5},"2":{"name":"(anonymous_2)","decl":{"start":{"line":14,"column":25},"end":{"line":14,"column":26}},"loc":{"start":{"line":14,"column":48},"end":{"line":21,"column":1}},"line":14},"3":{"name":"(anonymous_3)","decl":{"start":{"line":23,"column":34},"end":{"line":23,"column":35}},"loc":{"start":{"line":23,"column":57},"end":{"line":30,"column":1}},"line":23}},"branchMap":{},"s":{"0":1,"1":0,"2":1,"3":0,"4":0,"5":0,"6":0,"7":1,"8":2,"9":2,"10":8,"11":2,"12":1,"13":4,"14":4,"15":15,"16":4},"f":{"0":0,"1":0,"2":2,"3":4},"b":{},"_coverageSchema":"1a1c01bbd47fc00a2c39e90264f33305004495a9","hash":"feeabb0b5c81236e4e2c1e5445472080f69d1399"}
}
